Запуск службы 20.06.2019 12:21:28

Остановка службы 20.06.2019 12:21:35

Запуск службы 20.06.2019 12:26:27
Остановка службы 20.06.2019 12:26:33
Запуск службы 20.06.2019 12:27:29
Остановка службы 20.06.2019 12:27:35
Запуск службы 20.06.2019 12:28:54
Ошибка запуска службы: Невозможно соединиться с удаленным сервером. 20.06.2019 12:29:15
Остановка службы 20.06.2019 12:29:25
Запуск службы 24.06.2019 9:57:18
Остановка службы 24.06.2019 9:59:49
Остановка службы 24.06.2019 10:02:13
Запуск службы 27.06.2019 10:47:13
Статус: OK; . 27.06.2019 10:47:13
Статус: OK; Статус: OK; . 27.06.2019 10:47:23
Остановка службы 27.06.2019 10:57:20
Запуск службы 27.06.2019 10:59:05
Ошибка запуска службы: Невозможно соединиться с удаленным сервером. 27.06.2019 10:59:26
Ошибка получения данных: Невозможно соединиться с удаленным сервером. 27.06.2019 10:59:36
Ошибка получения данных: Невозможно соединиться с удаленным сервером. 27.06.2019 11:00:07
Ошибка получения данных: Невозможно соединиться с удаленным сервером. 27.06.2019 11:00:38
Ошибка получения данных: Невозможно соединиться с удаленным сервером. 27.06.2019 11:01:09
Лицевой счет: ls1; Статус: OK; 27.06.2019 11:01:19
Остановка службы 27.06.2019 11:02:48
Запуск службы 27.06.2019 11:02:52
Лицевой счет: ls1; Статус: OK; 27.06.2019 11:02:52
Лицевой счет: ls1; Статус: OK; 27.06.2019 11:03:02
Остановка службы 27.06.2019 11:34:04
Запуск службы 27.06.2019 11:34:24
Лицевой счет: ls1; Статус: OK; 27.06.2019 11:34:24
Лицевой счет: ls1; Статус: OK; 27.06.2019 11:34:34
Остановка службы 27.06.2019 11:34:51
Запуск службы 27.06.2019 12:16:55
Лицевой счет: ls1; Статус: OK; 27.06.2019 12:16:56
Лицевой счет: ls1; Статус: OK; 27.06.2019 12:17:05
Остановка службы 27.06.2019 12:17:42
Запуск службы 27.06.2019 12:18:41
Ошибка запуска службы: Удаленный сервер возвратил ошибку: (500) Внутренняя ошибка сервера.. 27.06.2019 12:18:42
Ошибка получения данных: Удаленный сервер возвратил ошибку: (500) Внутренняя ошибка сервера.. 27.06.2019 12:18:51
Ошибка получения данных: Удаленный сервер возвратил ошибку: (500) Внутренняя ошибка сервера.. 27.06.2019 12:19:02
Остановка службы 27.06.2019 12:19:04
Запуск службы 27.06.2019 12:19:06
Ошибка запуска службы: Удаленный сервер возвратил ошибку: (500) Внутренняя ошибка сервера.. 27.06.2019 12:19:07
Ошибка получения данных: Удаленный сервер возвратил ошибку: (500) Внутренняя ошибка сервера.. 27.06.2019 12:19:16
Остановка службы 27.06.2019 12:19:20
Запуск службы 27.06.2019 12:23:08
Ошибка запуска службы: Удаленный сервер возвратил ошибку: (500) Внутренняя ошибка сервера.. 27.06.2019 12:23:09
Ошибка получения данных: Удаленный сервер возвратил ошибку: (500) Внутренняя ошибка сервера.. 27.06.2019 12:23:19
Ошибка получения данных: Удаленный сервер возвратил ошибку: (500) Внутренняя ошибка сервера.. 27.06.2019 12:23:29
Ошибка получения данных: Удаленный сервер возвратил ошибку: (500) Внутренняя ошибка сервера.. 27.06.2019 12:23:39
Ошибка получения данных: Удаленный сервер возвратил ошибку: (500) Внутренняя ошибка сервера.. 27.06.2019 12:23:50
Ошибка получения данных: Удаленный сервер возвратил ошибку: (500) Внутренняя ошибка сервера.. 27.06.2019 12:24:00
Ошибка получения данных: Удаленный сервер возвратил ошибку: (500) Внутренняя ошибка сервера.. 27.06.2019 12:24:10
Ошибка получения данных: Удаленный сервер возвратил ошибку: (500) Внутренняя ошибка сервера.. 27.06.2019 12:24:21
Ошибка получения данных: Удаленный сервер возвратил ошибку: (500) Внутренняя ошибка сервера.. 27.06.2019 12:24:31
Ошибка получения данных: Удаленный сервер возвратил ошибку: (500) Внутренняя ошибка сервера.. 27.06.2019 12:24:41
Ошибка получения данных: Удаленный сервер возвратил ошибку: (500) Внутренняя ошибка сервера.. 27.06.2019 12:24:51
Ошибка получения данных: Удаленный сервер возвратил ошибку: (500) Внутренняя ошибка сервера.. 27.06.2019 12:25:02
Ошибка получения данных: Удаленный сервер возвратил ошибку: (500) Внутренняя ошибка сервера.. 27.06.2019 12:25:12
Ошибка получения данных: Удаленный сервер возвратил ошибку: (500) Внутренняя ошибка сервера.. 27.06.2019 12:25:22
Ошибка получения данных: Удаленный сервер возвратил ошибку: (500) Внутренняя ошибка сервера.. 27.06.2019 12:25:33
Ошибка получения данных: Удаленный сервер возвратил ошибку: (500) Внутренняя ошибка сервера.. 27.06.2019 12:25:43
Ошибка получения данных: Удаленный сервер возвратил ошибку: (500) Внутренняя ошибка сервера.. 27.06.2019 12:25:53
Ошибка получения данных: Удаленный сервер возвратил ошибку: (500) Внутренняя ошибка сервера.. 27.06.2019 12:26:04
Ошибка получения данных: Удаленный сервер возвратил ошибку: (500) Внутренняя ошибка сервера.. 27.06.2019 12:26:14
Ошибка получения данных: Удаленный сервер возвратил ошибку: (500) Внутренняя ошибка сервера.. 27.06.2019 12:26:24
Ошибка получения данных: Удаленный сервер возвратил ошибку: (500) Внутренняя ошибка сервера.. 27.06.2019 12:26:34
Ошибка получения данных: Удаленный сервер возвратил ошибку: (500) Внутренняя ошибка сервера.. 27.06.2019 12:26:45
Ошибка получения данных: Удаленный сервер возвратил ошибку: (500) Внутренняя ошибка сервера.. 27.06.2019 12:26:55
Ошибка получения данных: Удаленный сервер возвратил ошибку: (500) Внутренняя ошибка сервера.. 27.06.2019 12:27:05
Ошибка получения данных: Удаленный сервер возвратил ошибку: (500) Внутренняя ошибка сервера.. 27.06.2019 12:27:16
Ошибка получения данных: Удаленный сервер возвратил ошибку: (500) Внутренняя ошибка сервера.. 27.06.2019 12:27:26
Ошибка получения данных: Удаленный сервер возвратил ошибку: (500) Внутренняя ошибка сервера.. 27.06.2019 12:27:36
Ошибка получения данных: Удаленный сервер возвратил ошибку: (500) Внутренняя ошибка сервера.. 27.06.2019 12:27:47
Ошибка получения данных: Удаленный сервер возвратил ошибку: (500) Внутренняя ошибка сервера.. 27.06.2019 12:27:57
Ошибка получения данных: Удаленный сервер возвратил ошибку: (500) Внутренняя ошибка сервера.. 27.06.2019 12:28:07
Ошибка получения данных: Удаленный сервер возвратил ошибку: (500) Внутренняя ошибка сервера.. 27.06.2019 12:28:17
Ошибка получения данных: Удаленный сервер возвратил ошибку: (500) Внутренняя ошибка сервера.. 27.06.2019 12:28:28
Ошибка получения данных: Удаленный сервер возвратил ошибку: (500) Внутренняя ошибка сервера.. 27.06.2019 12:28:38
Ошибка получения данных: Удаленный сервер возвратил ошибку: (500) Внутренняя ошибка сервера.. 27.06.2019 12:28:48
Ошибка получения данных: Удаленный сервер возвратил ошибку: (500) Внутренняя ошибка сервера.. 27.06.2019 12:28:59
Ошибка получения данных: Удаленный сервер возвратил ошибку: (500) Внутренняя ошибка сервера.. 27.06.2019 12:29:09
Ошибка получения данных: Удаленный сервер возвратил ошибку: (500) Внутренняя ошибка сервера.. 27.06.2019 12:29:19
Ошибка получения данных: Удаленный сервер возвратил ошибку: (500) Внутренняя ошибка сервера.. 27.06.2019 12:29:30
Ошибка получения данных: Удаленный сервер возвратил ошибку: (500) Внутренняя ошибка сервера.. 27.06.2019 12:29:40
Ошибка получения данных: Удаленный сервер возвратил ошибку: (500) Внутренняя ошибка сервера.. 27.06.2019 12:29:50
Ошибка получения данных: Удаленный сервер возвратил ошибку: (500) Внутренняя ошибка сервера.. 27.06.2019 12:30:00
Ошибка получения данных: Удаленный сервер возвратил ошибку: (500) Внутренняя ошибка сервера.. 27.06.2019 12:30:11
Ошибка получения данных: Удаленный сервер возвратил ошибку: (500) Внутренняя ошибка сервера.. 27.06.2019 12:30:21
Ошибка получения данных: Удаленный сервер возвратил ошибку: (500) Внутренняя ошибка сервера.. 27.06.2019 12:30:31
Ошибка получения данных: Удаленный сервер возвратил ошибку: (500) Внутренняя ошибка сервера.. 27.06.2019 12:30:42
Ошибка получения данных: Удаленный сервер возвратил ошибку: (500) Внутренняя ошибка сервера.. 27.06.2019 12:30:52
Ошибка получения данных: Удаленный сервер возвратил ошибку: (500) Внутренняя ошибка сервера.. 27.06.2019 12:31:02
Ошибка получения данных: Удаленный сервер возвратил ошибку: (500) Внутренняя ошибка сервера.. 27.06.2019 12:31:12
Ошибка получения данных: Удаленный сервер возвратил ошибку: (500) Внутренняя ошибка сервера.. 27.06.2019 12:31:23
Ошибка получения данных: Удаленный сервер возвратил ошибку: (500) Внутренняя ошибка сервера.. 27.06.2019 12:31:33
Ошибка получения данных: Удаленный сервер возвратил ошибку: (500) Внутренняя ошибка сервера.. 27.06.2019 12:31:43
Ошибка получения данных: Удаленный сервер возвратил ошибку: (500) Внутренняя ошибка сервера.. 27.06.2019 12:31:54
Ошибка получения данных: Удаленный сервер возвратил ошибку: (500) Внутренняя ошибка сервера.. 27.06.2019 12:32:04
Ошибка получения данных: Удаленный сервер возвратил ошибку: (500) Внутренняя ошибка сервера.. 27.06.2019 12:32:14
Ошибка получения данных: Удаленный сервер возвратил ошибку: (500) Внутренняя ошибка сервера.. 27.06.2019 12:32:25
Ошибка получения данных: Удаленный сервер возвратил ошибку: (500) Внутренняя ошибка сервера.. 27.06.2019 12:32:35
Ошибка получения данных: Удаленный сервер возвратил ошибку: (500) Внутренняя ошибка сервера.. 27.06.2019 12:32:45
Ошибка получения данных: Удаленный сервер возвратил ошибку: (500) Внутренняя ошибка сервера.. 27.06.2019 12:32:56
Ошибка получения данных: Удаленный сервер возвратил ошибку: (500) Внутренняя ошибка сервера.. 27.06.2019 12:33:06
Ошибка получения данных: Удаленный сервер возвратил ошибку: (500) Внутренняя ошибка сервера.. 27.06.2019 12:33:16
Ошибка получения данных: Удаленный сервер возвратил ошибку: (500) Внутренняя ошибка сервера.. 27.06.2019 12:33:27
Ошибка получения данных: Удаленный сервер возвратил ошибку: (500) Внутренняя ошибка сервера.. 27.06.2019 12:33:37
Ошибка получения данных: Удаленный сервер возвратил ошибку: (500) Внутренняя ошибка сервера.. 27.06.2019 12:33:47
Ошибка получения данных: Удаленный сервер возвратил ошибку: (500) Внутренняя ошибка сервера.. 27.06.2019 12:33:58
Ошибка получения данных: Удаленный сервер возвратил ошибку: (500) Внутренняя ошибка сервера.. 27.06.2019 12:34:08
Ошибка получения данных: Удаленный сервер возвратил ошибку: (500) Внутренняя ошибка сервера.. 27.06.2019 12:34:18
Ошибка получения данных: Удаленный сервер возвратил ошибку: (500) Внутренняя ошибка сервера.. 27.06.2019 12:34:28
Ошибка получения данных: Удаленный сервер возвратил ошибку: (500) Внутренняя ошибка сервера.. 27.06.2019 12:34:39
Ошибка получения данных: Удаленный сервер возвратил ошибку: (500) Внутренняя ошибка сервера.. 27.06.2019 12:34:49
Ошибка получения данных: Удаленный сервер возвратил ошибку: (500) Внутренняя ошибка сервера.. 27.06.2019 12:34:59
Ошибка получения данных: Удаленный сервер возвратил ошибку: (500) Внутренняя ошибка сервера.. 27.06.2019 12:35:10
Ошибка получения данных: Удаленный сервер возвратил ошибку: (500) Внутренняя ошибка сервера.. 27.06.2019 12:35:20
Ошибка получения данных: Удаленный сервер возвратил ошибку: (500) Внутренняя ошибка сервера.. 27.06.2019 12:35:30
Ошибка получения данных: Удаленный сервер возвратил ошибку: (500) Внутренняя ошибка сервера.. 27.06.2019 12:35:40
Ошибка получения данных: Удаленный сервер возвратил ошибку: (500) Внутренняя ошибка сервера.. 27.06.2019 12:35:51
Ошибка получения данных: Удаленный сервер возвратил ошибку: (500) Внутренняя ошибка сервера.. 27.06.2019 12:36:01
Ошибка получения данных: Удаленный сервер возвратил ошибку: (500) Внутренняя ошибка сервера.. 27.06.2019 12:36:11
Ошибка получения данных: Удаленный сервер возвратил ошибку: (500) Внутренняя ошибка сервера.. 27.06.2019 12:36:22
Ошибка получения данных: Удаленный сервер возвратил ошибку: (500) Внутренняя ошибка сервера.. 27.06.2019 12:36:32
Ошибка получения данных: Удаленный сервер возвратил ошибку: (500) Внутренняя ошибка сервера.. 27.06.2019 12:36:42
Ошибка получения данных: Удаленный сервер возвратил ошибку: (500) Внутренняя ошибка сервера.. 27.06.2019 12:36:53
Ошибка получения данных: Удаленный сервер возвратил ошибку: (500) Внутренняя ошибка сервера.. 27.06.2019 12:37:03
Ошибка получения данных: Удаленный сервер возвратил ошибку: (500) Внутренняя ошибка сервера.. 27.06.2019 12:37:13
Ошибка получения данных: Удаленный сервер возвратил ошибку: (500) Внутренняя ошибка сервера.. 27.06.2019 12:37:23
Ошибка получения данных: Удаленный сервер возвратил ошибку: (500) Внутренняя ошибка сервера.. 27.06.2019 12:37:34
Ошибка получения данных: Удаленный сервер возвратил ошибку: (500) Внутренняя ошибка сервера.. 27.06.2019 12:37:44
Ошибка получения данных: Удаленный сервер возвратил ошибку: (500) Внутренняя ошибка сервера.. 27.06.2019 12:37:54
Ошибка получения данных: Удаленный сервер возвратил ошибку: (500) Внутренняя ошибка сервера.. 27.06.2019 12:38:05
Ошибка получения данных: Удаленный сервер возвратил ошибку: (500) Внутренняя ошибка сервера.. 27.06.2019 12:38:15
Ошибка получения данных: Удаленный сервер возвратил ошибку: (500) Внутренняя ошибка сервера.. 27.06.2019 12:38:25
Ошибка получения данных: Удаленный сервер возвратил ошибку: (500) Внутренняя ошибка сервера.. 27.06.2019 12:38:35
Ошибка получения данных: Удаленный сервер возвратил ошибку: (500) Внутренняя ошибка сервера.. 27.06.2019 12:38:46
Ошибка получения данных: Удаленный сервер возвратил ошибку: (500) Внутренняя ошибка сервера.. 27.06.2019 12:38:56
Ошибка получения данных: Удаленный сервер возвратил ошибку: (500) Внутренняя ошибка сервера.. 27.06.2019 12:39:06
Ошибка получения данных: Удаленный сервер возвратил ошибку: (500) Внутренняя ошибка сервера.. 27.06.2019 12:39:17
Ошибка получения данных: Удаленный сервер возвратил ошибку: (500) Внутренняя ошибка сервера.. 27.06.2019 12:39:27
Ошибка получения данных: Удаленный сервер возвратил ошибку: (500) Внутренняя ошибка сервера.. 27.06.2019 12:39:37
Ошибка получения данных: Удаленный сервер возвратил ошибку: (500) Внутренняя ошибка сервера.. 27.06.2019 12:39:47
Ошибка получения данных: Удаленный сервер возвратил ошибку: (500) Внутренняя ошибка сервера.. 27.06.2019 12:39:58
Ошибка получения данных: Удаленный сервер возвратил ошибку: (500) Внутренняя ошибка сервера.. 27.06.2019 12:40:08
Ошибка получения данных: Удаленный сервер возвратил ошибку: (500) Внутренняя ошибка сервера.. 27.06.2019 12:40:18
Ошибка получения данных: Удаленный сервер возвратил ошибку: (500) Внутренняя ошибка сервера.. 27.06.2019 12:40:29
Ошибка получения данных: Удаленный сервер возвратил ошибку: (500) Внутренняя ошибка сервера.. 27.06.2019 12:40:39
Ошибка получения данных: Удаленный сервер возвратил ошибку: (500) Внутренняя ошибка сервера.. 27.06.2019 12:40:49
Ошибка получения данных: Удаленный сервер возвратил ошибку: (500) Внутренняя ошибка сервера.. 27.06.2019 12:41:00
Ошибка получения данных: Удаленный сервер возвратил ошибку: (500) Внутренняя ошибка сервера.. 27.06.2019 12:41:10
Ошибка получения данных: Удаленный сервер возвратил ошибку: (500) Внутренняя ошибка сервера.. 27.06.2019 12:41:20
Ошибка получения данных: Удаленный сервер возвратил ошибку: (500) Внутренняя ошибка сервера.. 27.06.2019 12:41:30
Ошибка получения данных: Удаленный сервер возвратил ошибку: (500) Внутренняя ошибка сервера.. 27.06.2019 12:41:41
Ошибка получения данных: Удаленный сервер возвратил ошибку: (500) Внутренняя ошибка сервера.. 27.06.2019 12:41:51
Ошибка получения данных: Удаленный сервер возвратил ошибку: (500) Внутренняя ошибка сервера.. 27.06.2019 12:42:01
Ошибка получения данных: Удаленный сервер возвратил ошибку: (500) Внутренняя ошибка сервера.. 27.06.2019 12:42:12
Ошибка получения данных: Удаленный сервер возвратил ошибку: (500) Внутренняя ошибка сервера.. 27.06.2019 12:42:22
Ошибка получения данных: Удаленный сервер возвратил ошибку: (500) Внутренняя ошибка сервера.. 27.06.2019 12:42:32
Ошибка получения данных: Удаленный сервер возвратил ошибку: (500) Внутренняя ошибка сервера.. 27.06.2019 12:42:43
Ошибка получения данных: Удаленный сервер возвратил ошибку: (500) Внутренняя ошибка сервера.. 27.06.2019 12:42:53
Ошибка получения данных: Удаленный сервер возвратил ошибку: (500) Внутренняя ошибка сервера.. 27.06.2019 12:43:03
Ошибка получения данных: Удаленный сервер возвратил ошибку: (500) Внутренняя ошибка сервера.. 27.06.2019 12:43:13
Ошибка получения данных: Удаленный сервер возвратил ошибку: (500) Внутренняя ошибка сервера.. 27.06.2019 12:43:24
Ошибка получения данных: Удаленный сервер возвратил ошибку: (500) Внутренняя ошибка сервера.. 27.06.2019 12:43:34
Ошибка получения данных: Удаленный сервер возвратил ошибку: (500) Внутренняя ошибка сервера.. 27.06.2019 12:43:44
Ошибка получения данных: Удаленный сервер возвратил ошибку: (500) Внутренняя ошибка сервера.. 27.06.2019 12:43:55
Ошибка получения данных: Удаленный сервер возвратил ошибку: (500) Внутренняя ошибка сервера.. 27.06.2019 12:44:05
Ошибка получения данных: Удаленный сервер возвратил ошибку: (500) Внутренняя ошибка сервера.. 27.06.2019 12:44:15
Ошибка получения данных: Удаленный сервер возвратил ошибку: (500) Внутренняя ошибка сервера.. 27.06.2019 12:44:25
Ошибка получения данных: Удаленный сервер возвратил ошибку: (500) Внутренняя ошибка сервера.. 27.06.2019 12:44:36
Ошибка получения данных: Удаленный сервер возвратил ошибку: (500) Внутренняя ошибка сервера.. 27.06.2019 12:44:46
Ошибка получения данных: Удаленный сервер возвратил ошибку: (500) Внутренняя ошибка сервера.. 27.06.2019 12:44:56
Ошибка получения данных: Удаленный сервер возвратил ошибку: (500) Внутренняя ошибка сервера.. 27.06.2019 12:45:07
Ошибка получения данных: Удаленный сервер возвратил ошибку: (500) Внутренняя ошибка сервера.. 27.06.2019 12:45:17
Ошибка получения данных: Удаленный сервер возвратил ошибку: (500) Внутренняя ошибка сервера.. 27.06.2019 12:45:27
Ошибка получения данных: Удаленный сервер возвратил ошибку: (500) Внутренняя ошибка сервера.. 27.06.2019 12:45:38
Ошибка получения данных: Удаленный сервер возвратил ошибку: (500) Внутренняя ошибка сервера.. 27.06.2019 12:45:48
Ошибка получения данных: Удаленный сервер возвратил ошибку: (500) Внутренняя ошибка сервера.. 27.06.2019 12:45:58
Ошибка получения данных: Удаленный сервер возвратил ошибку: (500) Внутренняя ошибка сервера.. 27.06.2019 12:46:08
Ошибка получения данных: Удаленный сервер возвратил ошибку: (500) Внутренняя ошибка сервера.. 27.06.2019 12:46:19
Ошибка получения данных: Удаленный сервер возвратил ошибку: (500) Внутренняя ошибка сервера.. 27.06.2019 12:46:29
Ошибка получения данных: Удаленный сервер возвратил ошибку: (500) Внутренняя ошибка сервера.. 27.06.2019 12:46:39
Ошибка получения данных: Удаленный сервер возвратил ошибку: (500) Внутренняя ошибка сервера.. 27.06.2019 12:46:50
Ошибка получения данных: Удаленный сервер возвратил ошибку: (500) Внутренняя ошибка сервера.. 27.06.2019 12:47:00
Ошибка получения данных: Удаленный сервер возвратил ошибку: (500) Внутренняя ошибка сервера.. 27.06.2019 12:47:10
Ошибка получения данных: Удаленный сервер возвратил ошибку: (500) Внутренняя ошибка сервера.. 27.06.2019 12:47:20
Ошибка получения данных: Удаленный сервер возвратил ошибку: (500) Внутренняя ошибка сервера.. 27.06.2019 12:47:31
Ошибка получения данных: Удаленный сервер возвратил ошибку: (500) Внутренняя ошибка сервера.. 27.06.2019 12:47:41
Ошибка получения данных: Удаленный сервер возвратил ошибку: (500) Внутренняя ошибка сервера.. 27.06.2019 12:47:51
Ошибка получения данных: Удаленный сервер возвратил ошибку: (500) Внутренняя ошибка сервера.. 27.06.2019 12:48:02
Ошибка получения данных: Удаленный сервер возвратил ошибку: (500) Внутренняя ошибка сервера.. 27.06.2019 12:48:12
Ошибка получения данных: Удаленный сервер возвратил ошибку: (500) Внутренняя ошибка сервера.. 27.06.2019 12:48:22
Ошибка получения данных: Удаленный сервер возвратил ошибку: (500) Внутренняя ошибка сервера.. 27.06.2019 12:48:32
Ошибка получения данных: Удаленный сервер возвратил ошибку: (500) Внутренняя ошибка сервера.. 27.06.2019 12:48:43
Ошибка получения данных: Удаленный сервер возвратил ошибку: (500) Внутренняя ошибка сервера.. 27.06.2019 12:48:53
Ошибка получения данных: Удаленный сервер возвратил ошибку: (500) Внутренняя ошибка сервера.. 27.06.2019 12:49:03
Ошибка получения данных: Удаленный сервер возвратил ошибку: (500) Внутренняя ошибка сервера.. 27.06.2019 12:49:14
Ошибка получения данных: Удаленный сервер возвратил ошибку: (500) Внутренняя ошибка сервера.. 27.06.2019 12:49:24
Ошибка получения данных: Удаленный сервер возвратил ошибку: (500) Внутренняя ошибка сервера.. 27.06.2019 12:49:34
Ошибка получения данных: Удаленный сервер возвратил ошибку: (500) Внутренняя ошибка сервера.. 27.06.2019 12:49:44
Ошибка получения данных: Удаленный сервер возвратил ошибку: (500) Внутренняя ошибка сервера.. 27.06.2019 12:49:55
Ошибка получения данных: Удаленный сервер возвратил ошибку: (500) Внутренняя ошибка сервера.. 27.06.2019 12:50:05
Ошибка получения данных: Удаленный сервер возвратил ошибку: (500) Внутренняя ошибка сервера.. 27.06.2019 12:50:15
Ошибка получения данных: Удаленный сервер возвратил ошибку: (500) Внутренняя ошибка сервера.. 27.06.2019 12:50:26
Ошибка получения данных: Удаленный сервер возвратил ошибку: (500) Внутренняя ошибка сервера.. 27.06.2019 12:50:36
Ошибка получения данных: Удаленный сервер возвратил ошибку: (500) Внутренняя ошибка сервера.. 27.06.2019 12:50:46
Ошибка получения данных: Удаленный сервер возвратил ошибку: (500) Внутренняя ошибка сервера.. 27.06.2019 12:50:57
Ошибка получения данных: Удаленный сервер возвратил ошибку: (500) Внутренняя ошибка сервера.. 27.06.2019 12:51:07
Ошибка получения данных: Удаленный сервер возвратил ошибку: (500) Внутренняя ошибка сервера.. 27.06.2019 12:51:17
Ошибка получения данных: Удаленный сервер возвратил ошибку: (500) Внутренняя ошибка сервера.. 27.06.2019 12:51:27
Ошибка получения данных: Удаленный сервер возвратил ошибку: (500) Внутренняя ошибка сервера.. 27.06.2019 12:51:38
Ошибка получения данных: Удаленный сервер возвратил ошибку: (500) Внутренняя ошибка сервера.. 27.06.2019 12:51:48
Ошибка получения данных: Удаленный сервер возвратил ошибку: (500) Внутренняя ошибка сервера.. 27.06.2019 12:51:58
Ошибка получения данных: Удаленный сервер возвратил ошибку: (500) Внутренняя ошибка сервера.. 27.06.2019 12:52:09
Ошибка получения данных: Удаленный сервер возвратил ошибку: (500) Внутренняя ошибка сервера.. 27.06.2019 12:52:19
Ошибка получения данных: Удаленный сервер возвратил ошибку: (500) Внутренняя ошибка сервера.. 27.06.2019 12:52:29
Ошибка получения данных: Удаленный сервер возвратил ошибку: (500) Внутренняя ошибка сервера.. 27.06.2019 12:52:40
Ошибка получения данных: Удаленный сервер возвратил ошибку: (500) Внутренняя ошибка сервера.. 27.06.2019 12:52:50
Ошибка получения данных: Удаленный сервер возвратил ошибку: (500) Внутренняя ошибка сервера.. 27.06.2019 12:53:00
Ошибка получения данных: Удаленный сервер возвратил ошибку: (500) Внутренняя ошибка сервера.. 27.06.2019 12:53:10
Ошибка получения данных: Удаленный сервер возвратил ошибку: (500) Внутренняя ошибка сервера.. 27.06.2019 12:53:21
Ошибка получения данных: Удаленный сервер возвратил ошибку: (500) Внутренняя ошибка сервера.. 27.06.2019 12:53:31
Ошибка получения данных: Удаленный сервер возвратил ошибку: (500) Внутренняя ошибка сервера.. 27.06.2019 12:53:41
Ошибка получения данных: Удаленный сервер возвратил ошибку: (500) Внутренняя ошибка сервера.. 27.06.2019 12:53:52
Ошибка получения данных: Удаленный сервер возвратил ошибку: (500) Внутренняя ошибка сервера.. 27.06.2019 12:54:02
Ошибка получения данных: Удаленный сервер возвратил ошибку: (500) Внутренняя ошибка сервера.. 27.06.2019 12:54:12
Ошибка получения данных: Удаленный сервер возвратил ошибку: (500) Внутренняя ошибка сервера.. 27.06.2019 12:54:22
Ошибка получения данных: Удаленный сервер возвратил ошибку: (500) Внутренняя ошибка сервера.. 27.06.2019 12:54:33
Ошибка получения данных: Удаленный сервер возвратил ошибку: (500) Внутренняя ошибка сервера.. 27.06.2019 12:54:43
Ошибка получения данных: Удаленный сервер возвратил ошибку: (500) Внутренняя ошибка сервера.. 27.06.2019 12:54:53
Ошибка получения данных: Удаленный сервер возвратил ошибку: (500) Внутренняя ошибка сервера.. 27.06.2019 12:55:04
Ошибка получения данных: Удаленный сервер возвратил ошибку: (500) Внутренняя ошибка сервера.. 27.06.2019 12:55:14
Ошибка получения данных: Удаленный сервер возвратил ошибку: (500) Внутренняя ошибка сервера.. 27.06.2019 12:55:24
Ошибка получения данных: Удаленный сервер возвратил ошибку: (500) Внутренняя ошибка сервера.. 27.06.2019 12:55:34
Ошибка получения данных: Удаленный сервер возвратил ошибку: (500) Внутренняя ошибка сервера.. 27.06.2019 12:55:45
Ошибка получения данных: Удаленный сервер возвратил ошибку: (500) Внутренняя ошибка сервера.. 27.06.2019 12:55:55
Ошибка получения данных: Удаленный сервер возвратил ошибку: (500) Внутренняя ошибка сервера.. 27.06.2019 12:56:05
Ошибка получения данных: Удаленный сервер возвратил ошибку: (500) Внутренняя ошибка сервера.. 27.06.2019 12:56:16
Ошибка получения данных: Удаленный сервер возвратил ошибку: (500) Внутренняя ошибка сервера.. 27.06.2019 12:56:26
Ошибка получения данных: Удаленный сервер возвратил ошибку: (500) Внутренняя ошибка сервера.. 27.06.2019 12:56:36
Ошибка получения данных: Удаленный сервер возвратил ошибку: (500) Внутренняя ошибка сервера.. 27.06.2019 12:56:47
Ошибка получения данных: Удаленный сервер возвратил ошибку: (500) Внутренняя ошибка сервера.. 27.06.2019 12:56:57
Ошибка получения данных: Удаленный сервер возвратил ошибку: (500) Внутренняя ошибка сервера.. 27.06.2019 12:57:07
Ошибка получения данных: Удаленный сервер возвратил ошибку: (500) Внутренняя ошибка сервера.. 27.06.2019 12:57:17
Ошибка получения данных: Удаленный сервер возвратил ошибку: (500) Внутренняя ошибка сервера.. 27.06.2019 12:57:28
Ошибка получения данных: Удаленный сервер возвратил ошибку: (500) Внутренняя ошибка сервера.. 27.06.2019 12:57:38
Ошибка получения данных: Удаленный сервер возвратил ошибку: (500) Внутренняя ошибка сервера.. 27.06.2019 12:57:48
Ошибка получения данных: Удаленный сервер возвратил ошибку: (500) Внутренняя ошибка сервера.. 27.06.2019 12:57:59
Ошибка получения данных: Удаленный сервер возвратил ошибку: (500) Внутренняя ошибка сервера.. 27.06.2019 12:58:09
Ошибка получения данных: Удаленный сервер возвратил ошибку: (500) Внутренняя ошибка сервера.. 27.06.2019 12:58:19
Ошибка получения данных: Удаленный сервер возвратил ошибку: (500) Внутренняя ошибка сервера.. 27.06.2019 12:58:30
Ошибка получения данных: Удаленный сервер возвратил ошибку: (500) Внутренняя ошибка сервера.. 27.06.2019 12:58:40
Ошибка получения данных: Удаленный сервер возвратил ошибку: (500) Внутренняя ошибка сервера.. 27.06.2019 12:58:50
Ошибка получения данных: Удаленный сервер возвратил ошибку: (500) Внутренняя ошибка сервера.. 27.06.2019 12:59:00
Ошибка получения данных: Удаленный сервер возвратил ошибку: (500) Внутренняя ошибка сервера.. 27.06.2019 12:59:11
Ошибка получения данных: Удаленный сервер возвратил ошибку: (500) Внутренняя ошибка сервера.. 27.06.2019 12:59:21
Ошибка получения данных: Удаленный сервер возвратил ошибку: (500) Внутренняя ошибка сервера.. 27.06.2019 12:59:31
Ошибка получения данных: Удаленный сервер возвратил ошибку: (500) Внутренняя ошибка сервера.. 27.06.2019 12:59:42
Ошибка получения данных: Удаленный сервер возвратил ошибку: (500) Внутренняя ошибка сервера.. 27.06.2019 12:59:52
Ошибка получения данных: Удаленный сервер возвратил ошибку: (500) Внутренняя ошибка сервера.. 27.06.2019 13:00:02
Ошибка получения данных: Удаленный сервер возвратил ошибку: (500) Внутренняя ошибка сервера.. 27.06.2019 13:00:13
Ошибка получения данных: Удаленный сервер возвратил ошибку: (500) Внутренняя ошибка сервера.. 27.06.2019 13:00:23
Ошибка получения данных: Удаленный сервер возвратил ошибку: (500) Внутренняя ошибка сервера.. 27.06.2019 13:00:33
Ошибка получения данных: Удаленный сервер возвратил ошибку: (500) Внутренняя ошибка сервера.. 27.06.2019 13:00:43
Ошибка получения данных: Удаленный сервер возвратил ошибку: (500) Внутренняя ошибка сервера.. 27.06.2019 13:00:54
Ошибка получения данных: Удаленный сервер возвратил ошибку: (500) Внутренняя ошибка сервера.. 27.06.2019 13:01:04
Ошибка получения данных: Удаленный сервер возвратил ошибку: (500) Внутренняя ошибка сервера.. 27.06.2019 13:01:14
Ошибка получения данных: Удаленный сервер возвратил ошибку: (500) Внутренняя ошибка сервера.. 27.06.2019 13:01:25
Ошибка получения данных: Удаленный сервер возвратил ошибку: (500) Внутренняя ошибка сервера.. 27.06.2019 13:01:35
Ошибка получения данных: Удаленный сервер возвратил ошибку: (500) Внутренняя ошибка сервера.. 27.06.2019 13:01:45
Ошибка получения данных: Удаленный сервер возвратил ошибку: (500) Внутренняя ошибка сервера.. 27.06.2019 13:01:55
Ошибка получения данных: Удаленный сервер возвратил ошибку: (500) Внутренняя ошибка сервера.. 27.06.2019 13:02:06
Ошибка получения данных: Удаленный сервер возвратил ошибку: (500) Внутренняя ошибка сервера.. 27.06.2019 13:02:16
Ошибка получения данных: Удаленный сервер возвратил ошибку: (500) Внутренняя ошибка сервера.. 27.06.2019 13:02:26
Ошибка получения данных: Удаленный сервер возвратил ошибку: (500) Внутренняя ошибка сервера.. 27.06.2019 13:02:37
Ошибка получения данных: Удаленный сервер возвратил ошибку: (500) Внутренняя ошибка сервера.. 27.06.2019 13:02:47
Ошибка получения данных: Удаленный сервер возвратил ошибку: (500) Внутренняя ошибка сервера.. 27.06.2019 13:02:57
Ошибка получения данных: Удаленный сервер возвратил ошибку: (500) Внутренняя ошибка сервера.. 27.06.2019 13:03:08
Ошибка получения данных: Удаленный сервер возвратил ошибку: (500) Внутренняя ошибка сервера.. 27.06.2019 13:03:18
Ошибка получения данных: Удаленный сервер возвратил ошибку: (500) Внутренняя ошибка сервера.. 27.06.2019 13:03:28
Ошибка получения данных: Удаленный сервер возвратил ошибку: (500) Внутренняя ошибка сервера.. 27.06.2019 13:03:38
Ошибка получения данных: Удаленный сервер возвратил ошибку: (500) Внутренняя ошибка сервера.. 27.06.2019 13:03:49
Ошибка получения данных: Удаленный сервер возвратил ошибку: (500) Внутренняя ошибка сервера.. 27.06.2019 13:03:59
Ошибка получения данных: Удаленный сервер возвратил ошибку: (500) Внутренняя ошибка сервера.. 27.06.2019 13:04:09
Ошибка получения данных: Удаленный сервер возвратил ошибку: (500) Внутренняя ошибка сервера.. 27.06.2019 13:04:20
Ошибка получения данных: Удаленный сервер возвратил ошибку: (500) Внутренняя ошибка сервера.. 27.06.2019 13:04:30
Ошибка получения данных: Удаленный сервер возвратил ошибку: (500) Внутренняя ошибка сервера.. 27.06.2019 13:04:40
Ошибка получения данных: Удаленный сервер возвратил ошибку: (500) Внутренняя ошибка сервера.. 27.06.2019 13:04:51
Ошибка получения данных: Удаленный сервер возвратил ошибку: (500) Внутренняя ошибка сервера.. 27.06.2019 13:05:01
Ошибка получения данных: Удаленный сервер возвратил ошибку: (500) Внутренняя ошибка сервера.. 27.06.2019 13:05:11
Ошибка получения данных: Удаленный сервер возвратил ошибку: (500) Внутренняя ошибка сервера.. 27.06.2019 13:05:21
Ошибка получения данных: Удаленный сервер возвратил ошибку: (500) Внутренняя ошибка сервера.. 27.06.2019 13:05:32
Ошибка получения данных: Удаленный сервер возвратил ошибку: (500) Внутренняя ошибка сервера.. 27.06.2019 13:05:42
Ошибка получения данных: Удаленный сервер возвратил ошибку: (500) Внутренняя ошибка сервера.. 27.06.2019 13:05:52
Ошибка получения данных: Удаленный сервер возвратил ошибку: (500) Внутренняя ошибка сервера.. 27.06.2019 13:06:03
Ошибка получения данных: Удаленный сервер возвратил ошибку: (500) Внутренняя ошибка сервера.. 27.06.2019 13:06:13
Ошибка получения данных: Удаленный сервер возвратил ошибку: (500) Внутренняя ошибка сервера.. 27.06.2019 13:06:23
Ошибка получения данных: Удаленный сервер возвратил ошибку: (500) Внутренняя ошибка сервера.. 27.06.2019 13:06:33
Ошибка получения данных: Удаленный сервер возвратил ошибку: (500) Внутренняя ошибка сервера.. 27.06.2019 13:06:44
Ошибка получения данных: Удаленный сервер возвратил ошибку: (500) Внутренняя ошибка сервера.. 27.06.2019 13:06:54
Ошибка получения данных: Удаленный сервер возвратил ошибку: (500) Внутренняя ошибка сервера.. 27.06.2019 13:07:04
Ошибка получения данных: Удаленный сервер возвратил ошибку: (500) Внутренняя ошибка сервера.. 27.06.2019 13:07:15
Ошибка получения данных: Удаленный сервер возвратил ошибку: (500) Внутренняя ошибка сервера.. 27.06.2019 13:07:25
Ошибка получения данных: Удаленный сервер возвратил ошибку: (500) Внутренняя ошибка сервера.. 27.06.2019 13:07:35
Ошибка получения данных: Удаленный сервер возвратил ошибку: (500) Внутренняя ошибка сервера.. 27.06.2019 13:07:45
Ошибка получения данных: Удаленный сервер возвратил ошибку: (500) Внутренняя ошибка сервера.. 27.06.2019 13:07:56
Ошибка получения данных: Удаленный сервер возвратил ошибку: (500) Внутренняя ошибка сервера.. 27.06.2019 13:08:06
Ошибка получения данных: Удаленный сервер возвратил ошибку: (500) Внутренняя ошибка сервера.. 27.06.2019 13:08:16
Ошибка получения данных: Удаленный сервер возвратил ошибку: (500) Внутренняя ошибка сервера.. 27.06.2019 13:08:27
Ошибка получения данных: Удаленный сервер возвратил ошибку: (500) Внутренняя ошибка сервера.. 27.06.2019 13:08:37
Ошибка получения данных: Удаленный сервер возвратил ошибку: (500) Внутренняя ошибка сервера.. 27.06.2019 13:08:47
Ошибка получения данных: Удаленный сервер возвратил ошибку: (500) Внутренняя ошибка сервера.. 27.06.2019 13:08:58
Ошибка получения данных: Удаленный сервер возвратил ошибку: (500) Внутренняя ошибка сервера.. 27.06.2019 13:09:08
Ошибка получения данных: Удаленный сервер возвратил ошибку: (500) Внутренняя ошибка сервера.. 27.06.2019 13:09:18
Ошибка получения данных: Удаленный сервер возвратил ошибку: (500) Внутренняя ошибка сервера.. 27.06.2019 13:09:28
Ошибка получения данных: Удаленный сервер возвратил ошибку: (500) Внутренняя ошибка сервера.. 27.06.2019 13:09:39
Ошибка получения данных: Удаленный сервер возвратил ошибку: (500) Внутренняя ошибка сервера.. 27.06.2019 13:09:49
Ошибка получения данных: Удаленный сервер возвратил ошибку: (500) Внутренняя ошибка сервера.. 27.06.2019 13:09:59
Ошибка получения данных: Удаленный сервер возвратил ошибку: (500) Внутренняя ошибка сервера.. 27.06.2019 13:10:10
Ошибка получения данных: Удаленный сервер возвратил ошибку: (500) Внутренняя ошибка сервера.. 27.06.2019 13:10:20
Ошибка получения данных: Удаленный сервер возвратил ошибку: (500) Внутренняя ошибка сервера.. 27.06.2019 13:10:30
Ошибка получения данных: Удаленный сервер возвратил ошибку: (500) Внутренняя ошибка сервера.. 27.06.2019 13:10:40
Ошибка получения данных: Удаленный сервер возвратил ошибку: (500) Внутренняя ошибка сервера.. 27.06.2019 13:10:51
Ошибка получения данных: Удаленный сервер возвратил ошибку: (500) Внутренняя ошибка сервера.. 27.06.2019 13:11:01
Ошибка получения данных: Удаленный сервер возвратил ошибку: (500) Внутренняя ошибка сервера.. 27.06.2019 13:11:11
Ошибка получения данных: Удаленный сервер возвратил ошибку: (500) Внутренняя ошибка сервера.. 27.06.2019 13:11:22
Ошибка получения данных: Удаленный сервер возвратил ошибку: (500) Внутренняя ошибка сервера.. 27.06.2019 13:11:32
Ошибка получения данных: Удаленный сервер возвратил ошибку: (500) Внутренняя ошибка сервера.. 27.06.2019 13:11:42
Ошибка получения данных: Удаленный сервер возвратил ошибку: (500) Внутренняя ошибка сервера.. 27.06.2019 13:11:53
Ошибка получения данных: Удаленный сервер возвратил ошибку: (500) Внутренняя ошибка сервера.. 27.06.2019 13:12:03
Ошибка получения данных: Удаленный сервер возвратил ошибку: (500) Внутренняя ошибка сервера.. 27.06.2019 13:12:13
Ошибка получения данных: Удаленный сервер возвратил ошибку: (500) Внутренняя ошибка сервера.. 27.06.2019 13:12:23
Ошибка получения данных: Удаленный сервер возвратил ошибку: (500) Внутренняя ошибка сервера.. 27.06.2019 13:12:34
Ошибка получения данных: Удаленный сервер возвратил ошибку: (500) Внутренняя ошибка сервера.. 27.06.2019 13:12:44
Ошибка получения данных: Удаленный сервер возвратил ошибку: (500) Внутренняя ошибка сервера.. 27.06.2019 13:12:54
Ошибка получения данных: Удаленный сервер возвратил ошибку: (500) Внутренняя ошибка сервера.. 27.06.2019 13:13:05
Ошибка получения данных: Удаленный сервер возвратил ошибку: (500) Внутренняя ошибка сервера.. 27.06.2019 13:13:15
Ошибка получения данных: Удаленный сервер возвратил ошибку: (500) Внутренняя ошибка сервера.. 27.06.2019 13:13:25
Ошибка получения данных: Удаленный сервер возвратил ошибку: (500) Внутренняя ошибка сервера.. 27.06.2019 13:13:35
Ошибка получения данных: Удаленный сервер возвратил ошибку: (500) Внутренняя ошибка сервера.. 27.06.2019 13:13:46
Ошибка получения данных: Удаленный сервер возвратил ошибку: (500) Внутренняя ошибка сервера.. 27.06.2019 13:13:56
Ошибка получения данных: Удаленный сервер возвратил ошибку: (500) Внутренняя ошибка сервера.. 27.06.2019 13:14:06
Ошибка получения данных: Удаленный сервер возвратил ошибку: (500) Внутренняя ошибка сервера.. 27.06.2019 13:14:17
Ошибка получения данных: Удаленный сервер возвратил ошибку: (500) Внутренняя ошибка сервера.. 27.06.2019 13:14:27
Ошибка получения данных: Удаленный сервер возвратил ошибку: (500) Внутренняя ошибка сервера.. 27.06.2019 13:14:37
Ошибка получения данных: Удаленный сервер возвратил ошибку: (500) Внутренняя ошибка сервера.. 27.06.2019 13:14:48
Ошибка получения данных: Удаленный сервер возвратил ошибку: (500) Внутренняя ошибка сервера.. 27.06.2019 13:14:58
Ошибка получения данных: Удаленный сервер возвратил ошибку: (500) Внутренняя ошибка сервера.. 27.06.2019 13:15:08
Ошибка получения данных: Удаленный сервер возвратил ошибку: (500) Внутренняя ошибка сервера.. 27.06.2019 13:15:18
Ошибка получения данных: Удаленный сервер возвратил ошибку: (500) Внутренняя ошибка сервера.. 27.06.2019 13:15:29
Ошибка получения данных: Удаленный сервер возвратил ошибку: (500) Внутренняя ошибка сервера.. 27.06.2019 13:15:39
Ошибка получения данных: Удаленный сервер возвратил ошибку: (500) Внутренняя ошибка сервера.. 27.06.2019 13:15:49
Ошибка получения данных: Удаленный сервер возвратил ошибку: (500) Внутренняя ошибка сервера.. 27.06.2019 13:16:00
Ошибка получения данных: Удаленный сервер возвратил ошибку: (500) Внутренняя ошибка сервера.. 27.06.2019 13:16:10
Ошибка получения данных: Удаленный сервер возвратил ошибку: (500) Внутренняя ошибка сервера.. 27.06.2019 13:16:20
Ошибка получения данных: Удаленный сервер возвратил ошибку: (500) Внутренняя ошибка сервера.. 27.06.2019 13:16:31
Ошибка получения данных: Удаленный сервер возвратил ошибку: (500) Внутренняя ошибка сервера.. 27.06.2019 13:16:41
Ошибка получения данных: Удаленный сервер возвратил ошибку: (500) Внутренняя ошибка сервера.. 27.06.2019 13:16:51
Ошибка получения данных: Удаленный сервер возвратил ошибку: (500) Внутренняя ошибка сервера.. 27.06.2019 13:17:01
Ошибка получения данных: Удаленный сервер возвратил ошибку: (500) Внутренняя ошибка сервера.. 27.06.2019 13:17:12
Ошибка получения данных: Удаленный сервер возвратил ошибку: (500) Внутренняя ошибка сервера.. 27.06.2019 13:17:22
Ошибка получения данных: Удаленный сервер возвратил ошибку: (500) Внутренняя ошибка сервера.. 27.06.2019 13:17:32
Ошибка получения данных: Удаленный сервер возвратил ошибку: (500) Внутренняя ошибка сервера.. 27.06.2019 13:17:43
Ошибка получения данных: Удаленный сервер возвратил ошибку: (500) Внутренняя ошибка сервера.. 27.06.2019 13:17:53
Ошибка получения данных: Удаленный сервер возвратил ошибку: (500) Внутренняя ошибка сервера.. 27.06.2019 13:18:03
Ошибка получения данных: Удаленный сервер возвратил ошибку: (500) Внутренняя ошибка сервера.. 27.06.2019 13:18:14
Ошибка получения данных: Удаленный сервер возвратил ошибку: (500) Внутренняя ошибка сервера.. 27.06.2019 13:18:24
Ошибка получения данных: Удаленный сервер возвратил ошибку: (500) Внутренняя ошибка сервера.. 27.06.2019 13:18:34
Ошибка получения данных: Удаленный сервер возвратил ошибку: (500) Внутренняя ошибка сервера.. 27.06.2019 13:18:44
Ошибка получения данных: Удаленный сервер возвратил ошибку: (500) Внутренняя ошибка сервера.. 27.06.2019 13:18:55
Ошибка получения данных: Удаленный сервер возвратил ошибку: (500) Внутренняя ошибка сервера.. 27.06.2019 13:19:05
Ошибка получения данных: Удаленный сервер возвратил ошибку: (500) Внутренняя ошибка сервера.. 27.06.2019 13:19:15
Ошибка получения данных: Удаленный сервер возвратил ошибку: (500) Внутренняя ошибка сервера.. 27.06.2019 13:19:26
Ошибка получения данных: Удаленный сервер возвратил ошибку: (500) Внутренняя ошибка сервера.. 27.06.2019 13:19:36
Ошибка получения данных: Удаленный сервер возвратил ошибку: (500) Внутренняя ошибка сервера.. 27.06.2019 13:19:46
Ошибка получения данных: Удаленный сервер возвратил ошибку: (500) Внутренняя ошибка сервера.. 27.06.2019 13:19:56
Ошибка получения данных: Удаленный сервер возвратил ошибку: (500) Внутренняя ошибка сервера.. 27.06.2019 13:20:07
Ошибка получения данных: Удаленный сервер возвратил ошибку: (500) Внутренняя ошибка сервера.. 27.06.2019 13:20:17
Ошибка получения данных: Удаленный сервер возвратил ошибку: (500) Внутренняя ошибка сервера.. 27.06.2019 13:20:27
Ошибка получения данных: Удаленный сервер возвратил ошибку: (500) Внутренняя ошибка сервера.. 27.06.2019 13:20:38
Ошибка получения данных: Удаленный сервер возвратил ошибку: (500) Внутренняя ошибка сервера.. 27.06.2019 13:20:48
Ошибка получения данных: Удаленный сервер возвратил ошибку: (500) Внутренняя ошибка сервера.. 27.06.2019 13:20:59
Ошибка получения данных: Удаленный сервер возвратил ошибку: (500) Внутренняя ошибка сервера.. 27.06.2019 13:21:10
Ошибка получения данных: Удаленный сервер возвратил ошибку: (500) Внутренняя ошибка сервера.. 27.06.2019 13:21:20
Ошибка получения данных: Удаленный сервер возвратил ошибку: (500) Внутренняя ошибка сервера.. 27.06.2019 13:21:30
Ошибка получения данных: Удаленный сервер возвратил ошибку: (500) Внутренняя ошибка сервера.. 27.06.2019 13:21:41
Ошибка получения данных: Удаленный сервер возвратил ошибку: (500) Внутренняя ошибка сервера.. 27.06.2019 13:21:51
Ошибка получения данных: Удаленный сервер возвратил ошибку: (500) Внутренняя ошибка сервера.. 27.06.2019 13:22:01
Ошибка получения данных: Удаленный сервер возвратил ошибку: (500) Внутренняя ошибка сервера.. 27.06.2019 13:22:11
Ошибка получения данных: Удаленный сервер возвратил ошибку: (500) Внутренняя ошибка сервера.. 27.06.2019 13:22:22
Ошибка получения данных: Удаленный сервер возвратил ошибку: (500) Внутренняя ошибка сервера.. 27.06.2019 13:22:32
Ошибка получения данных: Удаленный сервер возвратил ошибку: (500) Внутренняя ошибка сервера.. 27.06.2019 13:22:42
Ошибка получения данных: Удаленный сервер возвратил ошибку: (500) Внутренняя ошибка сервера.. 27.06.2019 13:22:53
Ошибка получения данных: Удаленный сервер возвратил ошибку: (500) Внутренняя ошибка сервера.. 27.06.2019 13:23:03
Ошибка получения данных: Удаленный сервер возвратил ошибку: (500) Внутренняя ошибка сервера.. 27.06.2019 13:23:13
Ошибка получения данных: Удаленный сервер возвратил ошибку: (500) Внутренняя ошибка сервера.. 27.06.2019 13:23:24
Ошибка получения данных: Удаленный сервер возвратил ошибку: (500) Внутренняя ошибка сервера.. 27.06.2019 13:23:34
Ошибка получения данных: Удаленный сервер возвратил ошибку: (500) Внутренняя ошибка сервера.. 27.06.2019 13:23:44
Ошибка получения данных: Удаленный сервер возвратил ошибку: (500) Внутренняя ошибка сервера.. 27.06.2019 13:23:54
Ошибка получения данных: Удаленный сервер возвратил ошибку: (500) Внутренняя ошибка сервера.. 27.06.2019 13:24:05
Ошибка получения данных: Удаленный сервер возвратил ошибку: (500) Внутренняя ошибка сервера.. 27.06.2019 13:24:15
Ошибка получения данных: Удаленный сервер возвратил ошибку: (500) Внутренняя ошибка сервера.. 27.06.2019 13:24:25
Ошибка получения данных: Удаленный сервер возвратил ошибку: (500) Внутренняя ошибка сервера.. 27.06.2019 13:24:36
Ошибка получения данных: Удаленный сервер возвратил ошибку: (500) Внутренняя ошибка сервера.. 27.06.2019 13:24:46
Ошибка получения данных: Удаленный сервер возвратил ошибку: (500) Внутренняя ошибка сервера.. 27.06.2019 13:24:56
Ошибка получения данных: Удаленный сервер возвратил ошибку: (500) Внутренняя ошибка сервера.. 27.06.2019 13:25:06
Ошибка получения данных: Удаленный сервер возвратил ошибку: (500) Внутренняя ошибка сервера.. 27.06.2019 13:25:17
Ошибка получения данных: Удаленный сервер возвратил ошибку: (500) Внутренняя ошибка сервера.. 27.06.2019 13:25:27
Ошибка получения данных: Удаленный сервер возвратил ошибку: (500) Внутренняя ошибка сервера.. 27.06.2019 13:25:37
Ошибка получения данных: Удаленный сервер возвратил ошибку: (500) Внутренняя ошибка сервера.. 27.06.2019 13:25:48
Ошибка получения данных: Удаленный сервер возвратил ошибку: (500) Внутренняя ошибка сервера.. 27.06.2019 13:25:58
Ошибка получения данных: Удаленный сервер возвратил ошибку: (500) Внутренняя ошибка сервера.. 27.06.2019 13:26:08
Ошибка получения данных: Удаленный сервер возвратил ошибку: (500) Внутренняя ошибка сервера.. 27.06.2019 13:26:18
Ошибка получения данных: Удаленный сервер возвратил ошибку: (500) Внутренняя ошибка сервера.. 27.06.2019 13:26:29
Ошибка получения данных: Удаленный сервер возвратил ошибку: (500) Внутренняя ошибка сервера.. 27.06.2019 13:26:39
Ошибка получения данных: Удаленный сервер возвратил ошибку: (500) Внутренняя ошибка сервера.. 27.06.2019 13:26:49
Ошибка получения данных: Удаленный сервер возвратил ошибку: (500) Внутренняя ошибка сервера.. 27.06.2019 13:27:00
Ошибка получения данных: Удаленный сервер возвратил ошибку: (500) Внутренняя ошибка сервера.. 27.06.2019 13:27:10
Ошибка получения данных: Удаленный сервер возвратил ошибку: (500) Внутренняя ошибка сервера.. 27.06.2019 13:27:20
Ошибка получения данных: Удаленный сервер возвратил ошибку: (500) Внутренняя ошибка сервера.. 27.06.2019 13:27:31
Ошибка получения данных: Удаленный сервер возвратил ошибку: (500) Внутренняя ошибка сервера.. 27.06.2019 13:27:41
Ошибка получения данных: Удаленный сервер возвратил ошибку: (500) Внутренняя ошибка сервера.. 27.06.2019 13:27:51
Ошибка получения данных: Удаленный сервер возвратил ошибку: (500) Внутренняя ошибка сервера.. 27.06.2019 13:28:01
Ошибка получения данных: Удаленный сервер возвратил ошибку: (500) Внутренняя ошибка сервера.. 27.06.2019 13:28:12
Ошибка получения данных: Удаленный сервер возвратил ошибку: (500) Внутренняя ошибка сервера.. 27.06.2019 13:28:22
Ошибка получения данных: Удаленный сервер возвратил ошибку: (500) Внутренняя ошибка сервера.. 27.06.2019 13:28:32
Ошибка получения данных: Удаленный сервер возвратил ошибку: (500) Внутренняя ошибка сервера.. 27.06.2019 13:28:43
Ошибка получения данных: Удаленный сервер возвратил ошибку: (500) Внутренняя ошибка сервера.. 27.06.2019 13:28:53
Ошибка получения данных: Удаленный сервер возвратил ошибку: (500) Внутренняя ошибка сервера.. 27.06.2019 13:29:03
Ошибка получения данных: Удаленный сервер возвратил ошибку: (500) Внутренняя ошибка сервера.. 27.06.2019 13:29:13
Ошибка получения данных: Удаленный сервер возвратил ошибку: (500) Внутренняя ошибка сервера.. 27.06.2019 13:29:24
Ошибка получения данных: Удаленный сервер возвратил ошибку: (500) Внутренняя ошибка сервера.. 27.06.2019 13:29:34
Ошибка получения данных: Удаленный сервер возвратил ошибку: (500) Внутренняя ошибка сервера.. 27.06.2019 13:29:44
Ошибка получения данных: Удаленный сервер возвратил ошибку: (500) Внутренняя ошибка сервера.. 27.06.2019 13:29:55
Ошибка получения данных: Удаленный сервер возвратил ошибку: (500) Внутренняя ошибка сервера.. 27.06.2019 13:30:05
Ошибка получения данных: Удаленный сервер возвратил ошибку: (500) Внутренняя ошибка сервера.. 27.06.2019 13:30:15
Ошибка получения данных: Удаленный сервер возвратил ошибку: (500) Внутренняя ошибка сервера.. 27.06.2019 13:30:26
Ошибка получения данных: Удаленный сервер возвратил ошибку: (500) Внутренняя ошибка сервера.. 27.06.2019 13:30:36
Ошибка получения данных: Удаленный сервер возвратил ошибку: (500) Внутренняя ошибка сервера.. 27.06.2019 13:30:46
Ошибка получения данных: Удаленный сервер возвратил ошибку: (500) Внутренняя ошибка сервера.. 27.06.2019 13:30:56
Ошибка получения данных: Удаленный сервер возвратил ошибку: (500) Внутренняя ошибка сервера.. 27.06.2019 13:31:07
Ошибка получения данных: Удаленный сервер возвратил ошибку: (500) Внутренняя ошибка сервера.. 27.06.2019 13:31:17
Ошибка получения данных: Удаленный сервер возвратил ошибку: (500) Внутренняя ошибка сервера.. 27.06.2019 13:31:27
Ошибка получения данных: Удаленный сервер возвратил ошибку: (500) Внутренняя ошибка сервера.. 27.06.2019 13:31:38
Ошибка получения данных: Удаленный сервер возвратил ошибку: (500) Внутренняя ошибка сервера.. 27.06.2019 13:31:48
Ошибка получения данных: Удаленный сервер возвратил ошибку: (500) Внутренняя ошибка сервера.. 27.06.2019 13:31:58
Ошибка получения данных: Удаленный сервер возвратил ошибку: (500) Внутренняя ошибка сервера.. 27.06.2019 13:32:09
Ошибка получения данных: Удаленный сервер возвратил ошибку: (500) Внутренняя ошибка сервера.. 27.06.2019 13:32:19
Ошибка получения данных: Удаленный сервер возвратил ошибку: (500) Внутренняя ошибка сервера.. 27.06.2019 13:32:29
Ошибка получения данных: Удаленный сервер возвратил ошибку: (500) Внутренняя ошибка сервера.. 27.06.2019 13:32:39
Ошибка получения данных: Удаленный сервер возвратил ошибку: (500) Внутренняя ошибка сервера.. 27.06.2019 13:32:50
Ошибка получения данных: Удаленный сервер возвратил ошибку: (500) Внутренняя ошибка сервера.. 27.06.2019 13:33:00
Ошибка получения данных: Удаленный сервер возвратил ошибку: (500) Внутренняя ошибка сервера.. 27.06.2019 13:33:10
Ошибка получения данных: Удаленный сервер возвратил ошибку: (500) Внутренняя ошибка сервера.. 27.06.2019 13:33:21
Ошибка получения данных: Удаленный сервер возвратил ошибку: (500) Внутренняя ошибка сервера.. 27.06.2019 13:33:31
Ошибка получения данных: Удаленный сервер возвратил ошибку: (500) Внутренняя ошибка сервера.. 27.06.2019 13:33:41
Ошибка получения данных: Удаленный сервер возвратил ошибку: (500) Внутренняя ошибка сервера.. 27.06.2019 13:33:51
Ошибка получения данных: Удаленный сервер возвратил ошибку: (500) Внутренняя ошибка сервера.. 27.06.2019 13:34:02
Ошибка получения данных: Удаленный сервер возвратил ошибку: (500) Внутренняя ошибка сервера.. 27.06.2019 13:34:12
Ошибка получения данных: Удаленный сервер возвратил ошибку: (500) Внутренняя ошибка сервера.. 27.06.2019 13:34:22
Ошибка получения данных: Удаленный сервер возвратил ошибку: (500) Внутренняя ошибка сервера.. 27.06.2019 13:34:33
Ошибка получения данных: Удаленный сервер возвратил ошибку: (500) Внутренняя ошибка сервера.. 27.06.2019 13:34:43
Ошибка получения данных: Удаленный сервер возвратил ошибку: (500) Внутренняя ошибка сервера.. 27.06.2019 13:34:53
Ошибка получения данных: Удаленный сервер возвратил ошибку: (500) Внутренняя ошибка сервера.. 27.06.2019 13:35:03
Ошибка получения данных: Удаленный сервер возвратил ошибку: (500) Внутренняя ошибка сервера.. 27.06.2019 13:35:14
Ошибка получения данных: Удаленный сервер возвратил ошибку: (500) Внутренняя ошибка сервера.. 27.06.2019 13:35:24
Ошибка получения данных: Удаленный сервер возвратил ошибку: (500) Внутренняя ошибка сервера.. 27.06.2019 13:35:34
Ошибка получения данных: Удаленный сервер возвратил ошибку: (500) Внутренняя ошибка сервера.. 27.06.2019 13:35:45
Ошибка получения данных: Удаленный сервер возвратил ошибку: (500) Внутренняя ошибка сервера.. 27.06.2019 13:35:55
Ошибка получения данных: Удаленный сервер возвратил ошибку: (500) Внутренняя ошибка сервера.. 27.06.2019 13:36:05
Ошибка получения данных: Удаленный сервер возвратил ошибку: (500) Внутренняя ошибка сервера.. 27.06.2019 13:36:16
Ошибка получения данных: Удаленный сервер возвратил ошибку: (500) Внутренняя ошибка сервера.. 27.06.2019 13:36:26
Ошибка получения данных: Удаленный сервер возвратил ошибку: (500) Внутренняя ошибка сервера.. 27.06.2019 13:36:36
Ошибка получения данных: Удаленный сервер возвратил ошибку: (500) Внутренняя ошибка сервера.. 27.06.2019 13:36:46
Ошибка получения данных: Удаленный сервер возвратил ошибку: (500) Внутренняя ошибка сервера.. 27.06.2019 13:36:57
Ошибка получения данных: Удаленный сервер возвратил ошибку: (500) Внутренняя ошибка сервера.. 27.06.2019 13:37:07
Ошибка получения данных: Удаленный сервер возвратил ошибку: (500) Внутренняя ошибка сервера.. 27.06.2019 13:37:17
Ошибка получения данных: Удаленный сервер возвратил ошибку: (500) Внутренняя ошибка сервера.. 27.06.2019 13:37:28
Ошибка получения данных: Удаленный сервер возвратил ошибку: (500) Внутренняя ошибка сервера.. 27.06.2019 13:37:38
Ошибка получения данных: Удаленный сервер возвратил ошибку: (500) Внутренняя ошибка сервера.. 27.06.2019 13:37:48
Ошибка получения данных: Удаленный сервер возвратил ошибку: (500) Внутренняя ошибка сервера.. 27.06.2019 13:37:58
Ошибка получения данных: Удаленный сервер возвратил ошибку: (500) Внутренняя ошибка сервера.. 27.06.2019 13:38:09
Ошибка получения данных: Удаленный сервер возвратил ошибку: (500) Внутренняя ошибка сервера.. 27.06.2019 13:38:19
Ошибка получения данных: Удаленный сервер возвратил ошибку: (500) Внутренняя ошибка сервера.. 27.06.2019 13:38:29
Ошибка получения данных: Удаленный сервер возвратил ошибку: (500) Внутренняя ошибка сервера.. 27.06.2019 13:38:40
Ошибка получения данных: Удаленный сервер возвратил ошибку: (500) Внутренняя ошибка сервера.. 27.06.2019 13:38:50
Ошибка получения данных: Удаленный сервер возвратил ошибку: (500) Внутренняя ошибка сервера.. 27.06.2019 13:39:00
Ошибка получения данных: Удаленный сервер возвратил ошибку: (500) Внутренняя ошибка сервера.. 27.06.2019 13:39:11
Ошибка получения данных: Удаленный сервер возвратил ошибку: (500) Внутренняя ошибка сервера.. 27.06.2019 13:39:21
Ошибка получения данных: Удаленный сервер возвратил ошибку: (500) Внутренняя ошибка сервера.. 27.06.2019 13:39:31
Ошибка получения данных: Удаленный сервер возвратил ошибку: (500) Внутренняя ошибка сервера.. 27.06.2019 13:39:41
Ошибка получения данных: Удаленный сервер возвратил ошибку: (500) Внутренняя ошибка сервера.. 27.06.2019 13:39:52
Ошибка получения данных: Удаленный сервер возвратил ошибку: (500) Внутренняя ошибка сервера.. 27.06.2019 13:40:02
Ошибка получения данных: Удаленный сервер возвратил ошибку: (500) Внутренняя ошибка сервера.. 27.06.2019 13:40:12
Ошибка получения данных: Удаленный сервер возвратил ошибку: (500) Внутренняя ошибка сервера.. 27.06.2019 13:40:23
Ошибка получения данных: Удаленный сервер возвратил ошибку: (500) Внутренняя ошибка сервера.. 27.06.2019 13:40:33
Ошибка получения данных: Удаленный сервер возвратил ошибку: (500) Внутренняя ошибка сервера.. 27.06.2019 13:40:43
Ошибка получения данных: Удаленный сервер возвратил ошибку: (500) Внутренняя ошибка сервера.. 27.06.2019 13:40:53
Ошибка получения данных: Удаленный сервер возвратил ошибку: (500) Внутренняя ошибка сервера.. 27.06.2019 13:41:04
Ошибка получения данных: Удаленный сервер возвратил ошибку: (500) Внутренняя ошибка сервера.. 27.06.2019 13:41:14
Ошибка получения данных: Удаленный сервер возвратил ошибку: (500) Внутренняя ошибка сервера.. 27.06.2019 13:41:24
Ошибка получения данных: Удаленный сервер возвратил ошибку: (500) Внутренняя ошибка сервера.. 27.06.2019 13:41:35
Ошибка получения данных: Удаленный сервер возвратил ошибку: (500) Внутренняя ошибка сервера.. 27.06.2019 13:41:45
Ошибка получения данных: Удаленный сервер возвратил ошибку: (500) Внутренняя ошибка сервера.. 27.06.2019 13:41:55
Ошибка получения данных: Удаленный сервер возвратил ошибку: (500) Внутренняя ошибка сервера.. 27.06.2019 13:42:06
Ошибка получения данных: Удаленный сервер возвратил ошибку: (500) Внутренняя ошибка сервера.. 27.06.2019 13:42:16
Ошибка получения данных: Удаленный сервер возвратил ошибку: (500) Внутренняя ошибка сервера.. 27.06.2019 13:42:26
Ошибка получения данных: Удаленный сервер возвратил ошибку: (500) Внутренняя ошибка сервера.. 27.06.2019 13:42:36
Ошибка получения данных: Удаленный сервер возвратил ошибку: (500) Внутренняя ошибка сервера.. 27.06.2019 13:42:47
Ошибка получения данных: Удаленный сервер возвратил ошибку: (500) Внутренняя ошибка сервера.. 27.06.2019 13:42:57
Ошибка получения данных: Удаленный сервер возвратил ошибку: (500) Внутренняя ошибка сервера.. 27.06.2019 13:43:07
Ошибка получения данных: Удаленный сервер возвратил ошибку: (500) Внутренняя ошибка сервера.. 27.06.2019 13:43:18
Ошибка получения данных: Удаленный сервер возвратил ошибку: (500) Внутренняя ошибка сервера.. 27.06.2019 13:43:28
Ошибка получения данных: Удаленный сервер возвратил ошибку: (500) Внутренняя ошибка сервера.. 27.06.2019 13:43:38
Ошибка получения данных: Удаленный сервер возвратил ошибку: (500) Внутренняя ошибка сервера.. 27.06.2019 13:43:49
Ошибка получения данных: Удаленный сервер возвратил ошибку: (500) Внутренняя ошибка сервера.. 27.06.2019 13:43:59
Ошибка получения данных: Удаленный сервер возвратил ошибку: (500) Внутренняя ошибка сервера.. 27.06.2019 13:44:09
Ошибка получения данных: Удаленный сервер возвратил ошибку: (500) Внутренняя ошибка сервера.. 27.06.2019 13:44:19
Ошибка получения данных: Удаленный сервер возвратил ошибку: (500) Внутренняя ошибка сервера.. 27.06.2019 13:44:30
Ошибка получения данных: Удаленный сервер возвратил ошибку: (500) Внутренняя ошибка сервера.. 27.06.2019 13:44:40
Ошибка получения данных: Удаленный сервер возвратил ошибку: (500) Внутренняя ошибка сервера.. 27.06.2019 13:44:50
Ошибка получения данных: Удаленный сервер возвратил ошибку: (500) Внутренняя ошибка сервера.. 27.06.2019 13:45:01
Ошибка получения данных: Удаленный сервер возвратил ошибку: (500) Внутренняя ошибка сервера.. 27.06.2019 13:45:11
Ошибка получения данных: Удаленный сервер возвратил ошибку: (500) Внутренняя ошибка сервера.. 27.06.2019 13:45:21
Ошибка получения данных: Удаленный сервер возвратил ошибку: (500) Внутренняя ошибка сервера.. 27.06.2019 13:45:31
Ошибка получения данных: Удаленный сервер возвратил ошибку: (500) Внутренняя ошибка сервера.. 27.06.2019 13:45:42
Ошибка получения данных: Удаленный сервер возвратил ошибку: (500) Внутренняя ошибка сервера.. 27.06.2019 13:45:52
Ошибка получения данных: Удаленный сервер возвратил ошибку: (500) Внутренняя ошибка сервера.. 27.06.2019 13:46:02
Ошибка получения данных: Удаленный сервер возвратил ошибку: (500) Внутренняя ошибка сервера.. 27.06.2019 13:46:13
Ошибка получения данных: Удаленный сервер возвратил ошибку: (500) Внутренняя ошибка сервера.. 27.06.2019 13:46:23
Ошибка получения данных: Удаленный сервер возвратил ошибку: (500) Внутренняя ошибка сервера.. 27.06.2019 13:46:33
Ошибка получения данных: Удаленный сервер возвратил ошибку: (500) Внутренняя ошибка сервера.. 27.06.2019 13:46:44
Ошибка получения данных: Удаленный сервер возвратил ошибку: (500) Внутренняя ошибка сервера.. 27.06.2019 13:46:54
Ошибка получения данных: Удаленный сервер возвратил ошибку: (500) Внутренняя ошибка сервера.. 27.06.2019 13:47:04
Ошибка получения данных: Удаленный сервер возвратил ошибку: (500) Внутренняя ошибка сервера.. 27.06.2019 13:47:14
Ошибка получения данных: Удаленный сервер возвратил ошибку: (500) Внутренняя ошибка сервера.. 27.06.2019 13:47:25
Ошибка получения данных: Удаленный сервер возвратил ошибку: (500) Внутренняя ошибка сервера.. 27.06.2019 13:47:35
Ошибка получения данных: Удаленный сервер возвратил ошибку: (500) Внутренняя ошибка сервера.. 27.06.2019 13:47:45
Ошибка получения данных: Удаленный сервер возвратил ошибку: (500) Внутренняя ошибка сервера.. 27.06.2019 13:47:56
Ошибка получения данных: Удаленный сервер возвратил ошибку: (500) Внутренняя ошибка сервера.. 27.06.2019 13:48:06
Ошибка получения данных: Удаленный сервер возвратил ошибку: (500) Внутренняя ошибка сервера.. 27.06.2019 13:48:16
Ошибка получения данных: Удаленный сервер возвратил ошибку: (500) Внутренняя ошибка сервера.. 27.06.2019 13:48:26
Ошибка получения данных: Удаленный сервер возвратил ошибку: (500) Внутренняя ошибка сервера.. 27.06.2019 13:48:37
Ошибка получения данных: Удаленный сервер возвратил ошибку: (500) Внутренняя ошибка сервера.. 27.06.2019 13:48:47
Ошибка получения данных: Удаленный сервер возвратил ошибку: (500) Внутренняя ошибка сервера.. 27.06.2019 13:48:57
Ошибка получения данных: Удаленный сервер возвратил ошибку: (500) Внутренняя ошибка сервера.. 27.06.2019 13:49:08
Ошибка получения данных: Удаленный сервер возвратил ошибку: (500) Внутренняя ошибка сервера.. 27.06.2019 13:49:18
Ошибка получения данных: Удаленный сервер возвратил ошибку: (500) Внутренняя ошибка сервера.. 27.06.2019 13:49:28
Ошибка получения данных: Удаленный сервер возвратил ошибку: (500) Внутренняя ошибка сервера.. 27.06.2019 13:49:39
Ошибка получения данных: Удаленный сервер возвратил ошибку: (500) Внутренняя ошибка сервера.. 27.06.2019 13:49:49
Ошибка получения данных: Удаленный сервер возвратил ошибку: (500) Внутренняя ошибка сервера.. 27.06.2019 13:49:59
Ошибка получения данных: Удаленный сервер возвратил ошибку: (500) Внутренняя ошибка сервера.. 27.06.2019 13:50:09
Ошибка получения данных: Удаленный сервер возвратил ошибку: (500) Внутренняя ошибка сервера.. 27.06.2019 13:50:20
Ошибка получения данных: Удаленный сервер возвратил ошибку: (500) Внутренняя ошибка сервера.. 27.06.2019 13:50:30
Ошибка получения данных: Удаленный сервер возвратил ошибку: (500) Внутренняя ошибка сервера.. 27.06.2019 13:50:40
Ошибка получения данных: Удаленный сервер возвратил ошибку: (500) Внутренняя ошибка сервера.. 27.06.2019 13:50:51
Ошибка получения данных: Удаленный сервер возвратил ошибку: (500) Внутренняя ошибка сервера.. 27.06.2019 13:51:01
Ошибка получения данных: Удаленный сервер возвратил ошибку: (500) Внутренняя ошибка сервера.. 27.06.2019 13:51:11
Ошибка получения данных: Удаленный сервер возвратил ошибку: (500) Внутренняя ошибка сервера.. 27.06.2019 13:51:22
Ошибка получения данных: Удаленный сервер возвратил ошибку: (500) Внутренняя ошибка сервера.. 27.06.2019 13:51:32
Ошибка получения данных: Удаленный сервер возвратил ошибку: (500) Внутренняя ошибка сервера.. 27.06.2019 13:51:42
Ошибка получения данных: Удаленный сервер возвратил ошибку: (500) Внутренняя ошибка сервера.. 27.06.2019 13:51:52
Ошибка получения данных: Удаленный сервер возвратил ошибку: (500) Внутренняя ошибка сервера.. 27.06.2019 13:52:03
Ошибка получения данных: Удаленный сервер возвратил ошибку: (500) Внутренняя ошибка сервера.. 27.06.2019 13:52:13
Ошибка получения данных: Удаленный сервер возвратил ошибку: (500) Внутренняя ошибка сервера.. 27.06.2019 13:52:23
Ошибка получения данных: Удаленный сервер возвратил ошибку: (500) Внутренняя ошибка сервера.. 27.06.2019 13:52:34
Ошибка получения данных: Удаленный сервер возвратил ошибку: (500) Внутренняя ошибка сервера.. 27.06.2019 13:52:44
Ошибка получения данных: Удаленный сервер возвратил ошибку: (500) Внутренняя ошибка сервера.. 27.06.2019 13:52:54
Ошибка получения данных: Удаленный сервер возвратил ошибку: (500) Внутренняя ошибка сервера.. 27.06.2019 13:53:04
Ошибка получения данных: Удаленный сервер возвратил ошибку: (500) Внутренняя ошибка сервера.. 27.06.2019 13:53:15
Ошибка получения данных: Удаленный сервер возвратил ошибку: (500) Внутренняя ошибка сервера.. 27.06.2019 13:53:25
Ошибка получения данных: Удаленный сервер возвратил ошибку: (500) Внутренняя ошибка сервера.. 27.06.2019 13:53:35
Ошибка получения данных: Удаленный сервер возвратил ошибку: (500) Внутренняя ошибка сервера.. 27.06.2019 13:53:46
Ошибка получения данных: Удаленный сервер возвратил ошибку: (500) Внутренняя ошибка сервера.. 27.06.2019 13:53:56
Ошибка получения данных: Удаленный сервер возвратил ошибку: (500) Внутренняя ошибка сервера.. 27.06.2019 13:54:06
Ошибка получения данных: Удаленный сервер возвратил ошибку: (500) Внутренняя ошибка сервера.. 27.06.2019 13:54:17
Ошибка получения данных: Удаленный сервер возвратил ошибку: (500) Внутренняя ошибка сервера.. 27.06.2019 13:54:27
Ошибка получения данных: Удаленный сервер возвратил ошибку: (500) Внутренняя ошибка сервера.. 27.06.2019 13:54:37
Ошибка получения данных: Удаленный сервер возвратил ошибку: (500) Внутренняя ошибка сервера.. 27.06.2019 13:54:47
Ошибка получения данных: Удаленный сервер возвратил ошибку: (500) Внутренняя ошибка сервера.. 27.06.2019 13:54:58
Ошибка получения данных: Удаленный сервер возвратил ошибку: (500) Внутренняя ошибка сервера.. 27.06.2019 13:55:08
Ошибка получения данных: Удаленный сервер возвратил ошибку: (500) Внутренняя ошибка сервера.. 27.06.2019 13:55:18
Ошибка получения данных: Удаленный сервер возвратил ошибку: (500) Внутренняя ошибка сервера.. 27.06.2019 13:55:29
Ошибка получения данных: Удаленный сервер возвратил ошибку: (500) Внутренняя ошибка сервера.. 27.06.2019 13:55:39
Ошибка получения данных: Удаленный сервер возвратил ошибку: (500) Внутренняя ошибка сервера.. 27.06.2019 13:55:49
Ошибка получения данных: Удаленный сервер возвратил ошибку: (500) Внутренняя ошибка сервера.. 27.06.2019 13:55:59
Ошибка получения данных: Удаленный сервер возвратил ошибку: (500) Внутренняя ошибка сервера.. 27.06.2019 13:56:10
Ошибка получения данных: Удаленный сервер возвратил ошибку: (500) Внутренняя ошибка сервера.. 27.06.2019 13:56:20
Ошибка получения данных: Удаленный сервер возвратил ошибку: (500) Внутренняя ошибка сервера.. 27.06.2019 13:56:30
Ошибка получения данных: Удаленный сервер возвратил ошибку: (500) Внутренняя ошибка сервера.. 27.06.2019 13:56:41
Ошибка получения данных: Удаленный сервер возвратил ошибку: (500) Внутренняя ошибка сервера.. 27.06.2019 13:56:51
Ошибка получения данных: Удаленный сервер возвратил ошибку: (500) Внутренняя ошибка сервера.. 27.06.2019 13:57:01
Ошибка получения данных: Удаленный сервер возвратил ошибку: (500) Внутренняя ошибка сервера.. 27.06.2019 13:57:12
Ошибка получения данных: Удаленный сервер возвратил ошибку: (500) Внутренняя ошибка сервера.. 27.06.2019 13:57:22
Ошибка получения данных: Удаленный сервер возвратил ошибку: (500) Внутренняя ошибка сервера.. 27.06.2019 13:57:32
Ошибка получения данных: Удаленный сервер возвратил ошибку: (500) Внутренняя ошибка сервера.. 27.06.2019 13:57:42
Ошибка получения данных: Удаленный сервер возвратил ошибку: (500) Внутренняя ошибка сервера.. 27.06.2019 13:57:53
Остановка службы 27.06.2019 13:58:00
Запуск службы 01.07.2019 9:44:13
Ошибка запуска службы: Удаленный сервер возвратил ошибку: (500) Внутренняя ошибка сервера.. 01.07.2019 9:44:13
Ошибка получения данных: Удаленный сервер возвратил ошибку: (500) Внутренняя ошибка сервера.. 01.07.2019 9:44:23
Ошибка получения данных: Удаленный сервер возвратил ошибку: (500) Внутренняя ошибка сервера.. 01.07.2019 9:44:33
Ошибка получения данных: Удаленный сервер возвратил ошибку: (500) Внутренняя ошибка сервера.. 01.07.2019 9:44:44
Ошибка получения данных: Удаленный сервер возвратил ошибку: (500) Внутренняя ошибка сервера.. 01.07.2019 9:44:54
Ошибка получения данных: Удаленный сервер возвратил ошибку: (500) Внутренняя ошибка сервера.. 01.07.2019 9:45:04
Ошибка получения данных: Удаленный сервер возвратил ошибку: (500) Внутренняя ошибка сервера.. 01.07.2019 9:45:14
Ошибка получения данных: Удаленный сервер возвратил ошибку: (500) Внутренняя ошибка сервера.. 01.07.2019 9:45:25
Ошибка получения данных: Удаленный сервер возвратил ошибку: (500) Внутренняя ошибка сервера.. 01.07.2019 9:45:35
Ошибка получения данных: Удаленный сервер возвратил ошибку: (500) Внутренняя ошибка сервера.. 01.07.2019 9:45:45
Ошибка получения данных: Удаленный сервер возвратил ошибку: (500) Внутренняя ошибка сервера.. 01.07.2019 9:45:56
Ошибка получения данных: Удаленный сервер возвратил ошибку: (500) Внутренняя ошибка сервера.. 01.07.2019 9:46:06
Ошибка получения данных: Удаленный сервер возвратил ошибку: (500) Внутренняя ошибка сервера.. 01.07.2019 9:46:16
Ошибка получения данных: Удаленный сервер возвратил ошибку: (500) Внутренняя ошибка сервера.. 01.07.2019 9:46:26
Ошибка получения данных: Удаленный сервер возвратил ошибку: (500) Внутренняя ошибка сервера.. 01.07.2019 9:46:37
Ошибка получения данных: Удаленный сервер возвратил ошибку: (500) Внутренняя ошибка сервера.. 01.07.2019 9:46:47
Ошибка получения данных: Удаленный сервер возвратил ошибку: (500) Внутренняя ошибка сервера.. 01.07.2019 9:46:57
Ошибка получения данных: Удаленный сервер возвратил ошибку: (500) Внутренняя ошибка сервера.. 01.07.2019 9:47:08
Ошибка получения данных: Удаленный сервер возвратил ошибку: (500) Внутренняя ошибка сервера.. 01.07.2019 9:47:18
Ошибка получения данных: Удаленный сервер возвратил ошибку: (500) Внутренняя ошибка сервера.. 01.07.2019 9:47:28
Ошибка получения данных: Удаленный сервер возвратил ошибку: (500) Внутренняя ошибка сервера.. 01.07.2019 9:47:38
Ошибка получения данных: Удаленный сервер возвратил ошибку: (500) Внутренняя ошибка сервера.. 01.07.2019 9:47:49
Ошибка получения данных: Удаленный сервер возвратил ошибку: (500) Внутренняя ошибка сервера.. 01.07.2019 9:47:59
Ошибка получения данных: Удаленный сервер возвратил ошибку: (500) Внутренняя ошибка сервера.. 01.07.2019 9:48:09
Ошибка получения данных: Удаленный сервер возвратил ошибку: (500) Внутренняя ошибка сервера.. 01.07.2019 9:48:20
Ошибка получения данных: Удаленный сервер возвратил ошибку: (500) Внутренняя ошибка сервера.. 01.07.2019 9:48:30
Ошибка получения данных: Удаленный сервер возвратил ошибку: (500) Внутренняя ошибка сервера.. 01.07.2019 9:48:40
Ошибка получения данных: Удаленный сервер возвратил ошибку: (500) Внутренняя ошибка сервера.. 01.07.2019 9:48:50
Ошибка получения данных: Удаленный сервер возвратил ошибку: (500) Внутренняя ошибка сервера.. 01.07.2019 9:49:01
Ошибка получения данных: Удаленный сервер возвратил ошибку: (500) Внутренняя ошибка сервера.. 01.07.2019 9:49:11
Ошибка получения данных: Удаленный сервер возвратил ошибку: (500) Внутренняя ошибка сервера.. 01.07.2019 9:49:21
Ошибка получения данных: Удаленный сервер возвратил ошибку: (500) Внутренняя ошибка сервера.. 01.07.2019 9:49:32
Ошибка получения данных: Удаленный сервер возвратил ошибку: (500) Внутренняя ошибка сервера.. 01.07.2019 9:49:42
Ошибка получения данных: Удаленный сервер возвратил ошибку: (500) Внутренняя ошибка сервера.. 01.07.2019 9:49:52
Ошибка получения данных: Удаленный сервер возвратил ошибку: (500) Внутренняя ошибка сервера.. 01.07.2019 9:50:03
Ошибка получения данных: Удаленный сервер возвратил ошибку: (500) Внутренняя ошибка сервера.. 01.07.2019 9:50:13
Ошибка получения данных: Удаленный сервер возвратил ошибку: (500) Внутренняя ошибка сервера.. 01.07.2019 9:50:23
Ошибка получения данных: Удаленный сервер возвратил ошибку: (500) Внутренняя ошибка сервера.. 01.07.2019 9:50:33
Ошибка получения данных: Удаленный сервер возвратил ошибку: (500) Внутренняя ошибка сервера.. 01.07.2019 9:50:44
Ошибка получения данных: Удаленный сервер возвратил ошибку: (500) Внутренняя ошибка сервера.. 01.07.2019 9:50:54
Ошибка получения данных: Удаленный сервер возвратил ошибку: (500) Внутренняя ошибка сервера.. 01.07.2019 9:51:04
Ошибка получения данных: Удаленный сервер возвратил ошибку: (500) Внутренняя ошибка сервера.. 01.07.2019 9:51:15
Ошибка получения данных: Удаленный сервер возвратил ошибку: (500) Внутренняя ошибка сервера.. 01.07.2019 9:51:25
Ошибка получения данных: Удаленный сервер возвратил ошибку: (500) Внутренняя ошибка сервера.. 01.07.2019 9:51:35
Ошибка получения данных: Удаленный сервер возвратил ошибку: (500) Внутренняя ошибка сервера.. 01.07.2019 9:51:45
Ошибка получения данных: Удаленный сервер возвратил ошибку: (500) Внутренняя ошибка сервера.. 01.07.2019 9:51:56
Ошибка получения данных: Удаленный сервер возвратил ошибку: (500) Внутренняя ошибка сервера.. 01.07.2019 9:52:06
Ошибка получения данных: Удаленный сервер возвратил ошибку: (500) Внутренняя ошибка сервера.. 01.07.2019 9:52:16
Ошибка получения данных: Удаленный сервер возвратил ошибку: (500) Внутренняя ошибка сервера.. 01.07.2019 9:52:27
Остановка службы 01.07.2019 9:52:31
Запуск службы 01.07.2019 9:54:56
Лицевой счет: ls1; Лицевой счет: ls2; Статус: OK; 01.07.2019 9:54:56
Лицевой счет: ls1; Лицевой счет: ls2; Статус: OK; 01.07.2019 9:55:06
Остановка службы 01.07.2019 12:37:42
